<?xml version="1.0" encoding="UTF-8"?>
<!-- Generated by org.testng.reporters.JUnitXMLReporter -->
<testsuite ignored="0" hostname="Diptalok_Sahoo" failures="0" tests="4" name="Test" time="16.841" errors="0" timestamp="2026-04-23T13:25:27 IST">
  <testcase classname="testCases.TC_001_AccountRegistrationTest" name="signUpTest" time="7.581"/>
  <testcase classname="testCases.TC_001_AccountRegistrationTest" name="verifcationOTPTest" time="0.765"/>
  <testcase classname="testCases.TC_001_AccountRegistrationTest" name="setPasswordTest" time="0.925"/>
  <testcase classname="testCases.TC_001_AccountRegistrationTest" name="onBoarding" time="1.899"/>
</testsuite> <!-- Test -->
