<?xml version="1.0" encoding="UTF-8"?>
<!-- Generated by org.testng.reporters.JUnitXMLReporter -->
<testsuite ignored="0" hostname="Diptalok_Sahoo" failures="0" tests="3" name="Testrunner Edge" time="17.822" errors="0" timestamp="2026-04-11T17:44:04 IST">
  <testcase classname="testCases.TC_001_AccountRegistrationTest" name="signUpTest" time="7.927"/>
  <testcase classname="testCases.TC_001_AccountRegistrationTest" name="verifcationOTPTest" time="0.925"/>
  <testcase classname="testCases.TC_001_AccountRegistrationTest" name="setPasswordTest" time="1.375"/>
</testsuite> <!-- Testrunner Edge -->
