<?xml version="1.0" encoding="UTF-8"?>
<!-- Generated by org.testng.reporters.JUnitXMLReporter -->
<testsuite ignored="0" hostname="Diptalok_Sahoo" failures="0" tests="3" name="Testrunner Chrome" time="17.589" errors="0" timestamp="2026-04-11T17:44:04 IST">
  <testcase classname="testCases.TC_001_AccountRegistrationTest" name="signUpTest" time="4.103"/>
  <testcase classname="testCases.TC_001_AccountRegistrationTest" name="verifcationOTPTest" time="1.002"/>
  <testcase classname="testCases.TC_001_AccountRegistrationTest" name="setPasswordTest" time="1.314"/>
</testsuite> <!-- Testrunner Chrome -->
