<?xml version="1.0" encoding="UTF-8"?>
<!-- Generated by org.testng.reporters.JUnitXMLReporter -->
<testsuite ignored="0" hostname="Diptalok_Sahoo" failures="1" tests="1" name="Test" time="26.24" errors="0" timestamp="2026-04-14T09:04:30 IST">
  <testcase classname="testCases.TC_002_AccountLoginTest" name="logInTest" time="21.091">
    <failure type="java.lang.AssertionError" message="expected [true] but found [false]">
      <![CDATA[java.lang.AssertionError: expected [true] but found [false]
at testCases.TC_002_AccountLoginTest.logInTest(TC_002_AccountLoginTest.java:29)
at java.base/java.util.ArrayList.forEach(ArrayList.java:1604)
... Removed 29 stack frames]]>
    </failure>
  </testcase> <!-- logInTest -->
</testsuite> <!-- Test -->
