<?xml version="1.0" encoding="UTF-8"?>
<!-- Generated by org.testng.reporters.JUnitXMLReporter -->
<testsuite ignored="0" hostname="Diptalok_Sahoo" failures="0" tests="3" name="Testrunner Firefox" time="25.276" errors="0" timestamp="2026-04-11T17:44:12 IST">
  <testcase classname="testCases.TC_001_AccountRegistrationTest" name="signUpTest" time="3.679"/>
  <testcase classname="testCases.TC_001_AccountRegistrationTest" name="verifcationOTPTest" time="0.486"/>
  <testcase classname="testCases.TC_001_AccountRegistrationTest" name="setPasswordTest" time="0.584"/>
</testsuite> <!-- Testrunner Firefox -->
