<?xml version="1.0" encoding="UTF-8"?>
<!-- Generated by org.testng.reporters.JUnitXMLReporter -->
<testsuite ignored="0" hostname="Diptalok_Sahoo" failures="0" tests="4" name="Test" time="30.114" errors="0" timestamp="2026-04-24T11:46:30 IST">
  <testcase classname="testCases.TC_001_AccountRegistrationTest" name="signUpTest" time="12.22"/>
  <testcase classname="testCases.TC_001_AccountRegistrationTest" name="verifcationOTPTest" time="0.846"/>
  <testcase classname="testCases.TC_001_AccountRegistrationTest" name="setPasswordTest" time="0.75"/>
  <testcase classname="testCases.TC_001_AccountRegistrationTest" name="onBoarding" time="5.448"/>
</testsuite> <!-- Test -->
