<?xml version="1.0" encoding="UTF-8"?>
<testng-results ignored="0" total="1" passed="1" failed="0" skipped="0">
  <reporter-output>
  </reporter-output>
  <suite started-at="2026-04-14T09:13:00 IST" name="Failed suite [Suite]" finished-at="2026-04-14T09:13:10 IST" duration-ms="9197">
    <groups>
      <group name="Master">
        <method signature="TC_002_AccountLoginTest.logInTest()[pri:0, instance:testCases.TC_002_AccountLoginTest@71e9ebae]" name="logInTest" class="testCases.TC_002_AccountLoginTest"/>
      </group> <!-- Master -->
      <group name="Regression">
        <method signature="TC_002_AccountLoginTest.logInTest()[pri:0, instance:testCases.TC_002_AccountLoginTest@71e9ebae]" name="logInTest" class="testCases.TC_002_AccountLoginTest"/>
      </group> <!-- Regression -->
    </groups>
    <test started-at="2026-04-14T09:13:00 IST" name="Test(failed)" finished-at="2026-04-14T09:13:10 IST" duration-ms="9197">
      <class name="testCases.TC_002_AccountLoginTest">
        <test-method is-config="true" signature="setUp(java.lang.String,java.lang.String)[pri:0, instance:testCases.TC_002_AccountLoginTest@71e9ebae]" started-at="2026-04-14T09:13:01 IST" name="setUp" finished-at="2026-04-14T09:13:05 IST" duration-ms="4081" status="PASS">
          <params>
            <param index="0">
              <value>
                <![CDATA[wndows]]>
              </value>
            </param>
            <param index="1">
              <value>
                <![CDATA[Chrome]]>
              </value>
            </param>
          </params>
          <reporter-output>
          </reporter-output>
        </test-method> <!-- setUp -->
        <test-method signature="logInTest()[pri:0, instance:testCases.TC_002_AccountLoginTest@71e9ebae]" started-at="2026-04-14T09:13:05 IST" name="logInTest" finished-at="2026-04-14T09:13:09 IST" duration-ms="4185" status="PASS">
          <reporter-output>
          </reporter-output>
        </test-method> <!-- logInTest -->
        <test-method is-config="true" signature="tearDown()[pri:0, instance:testCases.TC_002_AccountLoginTest@71e9ebae]" started-at="2026-04-14T09:13:09 IST" name="tearDown" finished-at="2026-04-14T09:13:10 IST" duration-ms="628" status="PASS">
          <reporter-output>
          </reporter-output>
        </test-method> <!-- tearDown -->
      </class> <!-- testCases.TC_002_AccountLoginTest -->
    </test> <!-- Test(failed) -->
  </suite> <!-- Failed suite [Suite] -->
</testng-results>
