<?xml version="1.0" encoding="UTF-8"?>
<!-- Generated by org.testng.reporters.JUnitReportReporter -->
<testsuite hostname="Diptalok_Sahoo" failures="0" tests="4" name="testCases.TC_001_AccountRegistrationTest" time="11.170" errors="0" timestamp="2026-04-23T13:25:28 IST" skipped="0">
  <testcase classname="testCases.TC_001_AccountRegistrationTest" name="setPasswordTest" time="0.925"/>
  <testcase classname="testCases.TC_001_AccountRegistrationTest" name="verifcationOTPTest" time="0.765"/>
  <testcase classname="testCases.TC_001_AccountRegistrationTest" name="onBoarding" time="1.899"/>
  <testcase classname="testCases.TC_001_AccountRegistrationTest" name="signUpTest" time="7.581"/>
</testsuite> <!-- testCases.TC_001_AccountRegistrationTest -->
