<?xml version="1.0" encoding="UTF-8"?>
<!-- Generated by org.testng.reporters.JUnitReportReporter -->
<testsuite hostname="Diptalok_Sahoo" failures="0" tests="3" name="testCases.TC_001_AccountRegistrationTest" time="3.778" errors="0" timestamp="2026-04-11T18:52:39 IST" skipped="0">
  <testcase classname="testCases.TC_001_AccountRegistrationTest" name="verifcationOTPTest" time="0.786"/>
  <testcase classname="testCases.TC_001_AccountRegistrationTest" name="setPasswordTest" time="0.818"/>
  <testcase classname="testCases.TC_001_AccountRegistrationTest" name="signUpTest" time="2.174"/>
</testsuite> <!-- testCases.TC_001_AccountRegistrationTest -->
