<?xml version="1.0" encoding="UTF-8"?>
<!-- Generated by org.testng.reporters.JUnitReportReporter -->
<testsuite hostname="Diptalok_Sahoo" failures="0" tests="4" name="testCases.TC_001_AccountRegistrationTest" time="19.264" errors="0" timestamp="2026-04-24T11:46:30 IST" skipped="0">
  <testcase classname="testCases.TC_001_AccountRegistrationTest" name="setPasswordTest" time="0.750"/>
  <testcase classname="testCases.TC_001_AccountRegistrationTest" name="onBoarding" time="5.448"/>
  <testcase classname="testCases.TC_001_AccountRegistrationTest" name="verifcationOTPTest" time="0.846"/>
  <testcase classname="testCases.TC_001_AccountRegistrationTest" name="signUpTest" time="12.220"/>
</testsuite> <!-- testCases.TC_001_AccountRegistrationTest -->
